Runnng on ccc0388.campuscluster.illinois.edu
Fri Nov 15 17:25:10 2024       
+-----------------------------------------------------------------------------------------+
| NVIDIA-SMI 550.90.07              Driver Version: 550.90.07      CUDA Version: 12.4     |
|-----------------------------------------+------------------------+----------------------+
| GPU  Name                 Persistence-M | Bus-Id          Disp.A | Volatile Uncorr. ECC |
| Fan  Temp   Perf          Pwr:Usage/Cap |           Memory-Usage | GPU-Util  Compute M. |
|                                         |                        |               MIG M. |
|=========================================+========================+======================|
|   0  NVIDIA A100-SXM4-80GB          Off |   00000000:41:00.0 Off |                    0 |
| N/A   24C    P0             63W /  500W |       1MiB /  81920MiB |     26%      Default |
|                                         |                        |             Disabled |
+-----------------------------------------+------------------------+----------------------+
                                                                                         
+-----------------------------------------------------------------------------------------+
| Processes:                                                                              |
|  GPU   GI   CI        PID   Type   Process name                              GPU Memory |
|        ID   ID                                                               Usage      |
|=========================================================================================|
|  No running processes found                                                             |
+-----------------------------------------------------------------------------------------+
Running: vit_linear with encoder vit_b_32 ------------------
Traceback (most recent call last):
  File "/home/laiwei4/CS444MP4/demo_flower.py", line 95, in <module>
    app.run(main)
  File "/projects/illinois/class/cs444/saurabhg/fa2024/mp3/venv/lib/python3.9/site-packages/absl/app.py", line 308, in run
    _run_main(main, args)
  File "/projects/illinois/class/cs444/saurabhg/fa2024/mp3/venv/lib/python3.9/site-packages/absl/app.py", line 254, in _run_main
    sys.exit(main(argv))
  File "/home/laiwei4/CS444MP4/demo_flower.py", line 74, in main
    model.to(device)
  File "/home/laiwei4/CS444MP4/finetune.py", line 29, in to
    super(VPT, self).to(device)
  File "/projects/illinois/class/cs444/saurabhg/fa2024/mp3/venv/lib/python3.9/site-packages/torch/nn/modules/module.py", line 1340, in to
    return self._apply(convert)
  File "/projects/illinois/class/cs444/saurabhg/fa2024/mp3/venv/lib/python3.9/site-packages/torch/nn/modules/module.py", line 900, in _apply
    module._apply(fn)
  File "/projects/illinois/class/cs444/saurabhg/fa2024/mp3/venv/lib/python3.9/site-packages/torch/nn/modules/module.py", line 927, in _apply
    param_applied = fn(param)
  File "/projects/illinois/class/cs444/saurabhg/fa2024/mp3/venv/lib/python3.9/site-packages/torch/nn/modules/module.py", line 1326, in convert
    return t.to(
RuntimeError: PyTorch is not linked with support for mps devices
